\BOOKMARK [1][-]{section*.1}{\376\377\000A\000b\000s\000t\000r\000a\000c\000t\000\040}{}% 1
\BOOKMARK [1][-]{section*.2}{\376\377\000P\000r\000e\000f\000a\000c\000e}{}% 2
\BOOKMARK [1][-]{section*.3}{\376\377\000C\000o\000n\000t\000e\000n\000t\000s}{}% 3
\BOOKMARK [1][-]{section*.7}{\376\377\000S\000y\000m\000b\000o\000l\000s\000\040\000a\000n\000d\000\040\000a\000b\000b\000r\000e\000v\000i\000a\000t\000i\000o\000n\000s}{}% 4
\BOOKMARK [1][-]{section.2}{\376\377\0002\000\040\000B\000a\000c\000k\000g\000r\000o\000u\000n\000d}{}% 11
\BOOKMARK [2][-]{subsection.2.1}{\376\377\0002\000.\0001\000\040\000D\000e\000e\000p\000\040\000l\000e\000a\000r\000n\000i\000n\000g\000\040\000a\000n\000d\000\040\000n\000e\000u\000r\000a\000l\000\040\000n\000e\000t\000w\000o\000r\000k\000s}{section.2}% 12
\BOOKMARK [2][-]{subsection.2.2}{\376\377\0002\000.\0002\000\040\000N\000e\000u\000r\000a\000l\000\040\000n\000e\000t\000w\000o\000r\000k\000s\000\040\000i\000n\000\040\000c\000o\000m\000p\000u\000t\000e\000r\000\040\000v\000i\000s\000i\000o\000n}{section.2}% 13
\BOOKMARK [2][-]{subsection.2.3}{\376\377\0002\000.\0003\000\040\000I\000m\000a\000g\000e\000\040\000c\000l\000a\000s\000s\000i\000f\000i\000c\000a\000t\000i\000o\000n}{section.2}% 14
\BOOKMARK [3][-]{subsubsection.2.3.1}{\376\377\0002\000.\0003\000.\0001\000\040\000L\000e\000N\000e\000t}{subsection.2.3}% 15
\BOOKMARK [3][-]{subsubsection.2.3.2}{\376\377\0002\000.\0003\000.\0002\000\040\000A\000l\000e\000x\000N\000e\000t}{subsection.2.3}% 16
\BOOKMARK [3][-]{subsubsection.2.3.3}{\376\377\0002\000.\0003\000.\0003\000\040\000V\000G\000G}{subsection.2.3}% 17
\BOOKMARK [3][-]{subsubsection.2.3.4}{\376\377\0002\000.\0003\000.\0004\000\040\000R\000e\000s\000N\000e\000t}{subsection.2.3}% 18
\BOOKMARK [2][-]{subsection.2.4}{\376\377\0002\000.\0004\000\040\000O\000b\000j\000e\000c\000t\000\040\000d\000e\000t\000e\000c\000t\000i\000o\000n}{section.2}% 19
\BOOKMARK [3][-]{subsubsection.2.4.1}{\376\377\0002\000.\0004\000.\0001\000\040\000R\000-\000C\000N\000N}{subsection.2.4}% 20
\BOOKMARK [3][-]{subsubsection.2.4.2}{\376\377\0002\000.\0004\000.\0002\000\040\000F\000a\000s\000t\000-\000R\000C\000N\000N}{subsection.2.4}% 21
\BOOKMARK [3][-]{subsubsection.2.4.3}{\376\377\0002\000.\0004\000.\0003\000\040\000F\000a\000s\000t\000e\000r\000-\000R\000C\000N\000N}{subsection.2.4}% 22
\BOOKMARK [3][-]{subsubsection.2.4.4}{\376\377\0002\000.\0004\000.\0004\000\040\000Y\000O\000L\000O}{subsection.2.4}% 23
\BOOKMARK [3][-]{subsubsection.2.4.5}{\376\377\0002\000.\0004\000.\0005\000\040\000S\000S\000D}{subsection.2.4}% 24
\BOOKMARK [2][-]{subsection.2.5}{\376\377\0002\000.\0005\000\040\000O\000b\000j\000e\000c\000t\000\040\000d\000e\000t\000e\000c\000t\000i\000o\000n\000\040\000i\000n\000\040\000i\000n\000d\000u\000s\000t\000r\000i\000a\000l\000\040\000e\000n\000v\000i\000r\000o\000n\000m\000e\000n\000t\000s}{section.2}% 25
\BOOKMARK [2][-]{subsection.2.6}{\376\377\0002\000.\0006\000\040\000T\000r\000a\000n\000s\000f\000e\000r\000\040\000l\000e\000a\000r\000n\000i\000n\000g}{section.2}% 26
\BOOKMARK [3][-]{subsubsection.2.6.1}{\376\377\0002\000.\0006\000.\0001\000\040\000D\000o\000m\000a\000i\000n\000\040\000a\000d\000a\000p\000t\000a\000t\000i\000o\000n}{subsection.2.6}% 27
\BOOKMARK [2][-]{subsection.2.7}{\376\377\0002\000.\0007\000\040\000D\000o\000m\000a\000i\000n\000\040\000a\000d\000a\000p\000t\000i\000v\000e\000\040\000o\000b\000j\000e\000c\000t\000\040\000d\000e\000t\000e\000c\000t\000i\000o\000n}{section.2}% 28
\BOOKMARK [3][-]{subsubsection.2.7.1}{\376\377\0002\000.\0007\000.\0001\000\040\000G\000r\000a\000d\000i\000e\000n\000t\000\040\000r\000e\000v\000e\000r\000s\000a\000l\000\040\000l\000a\000y\000e\000r}{subsection.2.7}% 29
\BOOKMARK [3][-]{subsubsection.2.7.2}{\376\377\0002\000.\0007\000.\0002\000\040\000A\000d\000v\000e\000r\000s\000a\000r\000i\000a\000l\000\040\000f\000e\000a\000t\000u\000r\000e\000\040\000l\000e\000a\000r\000n\000i\000n\000g}{subsection.2.7}% 30
\BOOKMARK [3][-]{subsubsection.2.7.3}{\376\377\0002\000.\0007\000.\0003\000\040\000P\000s\000e\000u\000d\000o\000-\000l\000a\000b\000e\000l\000i\000n\000g\000\040\000b\000a\000s\000e\000d\000\040\000m\000e\000t\000h\000o\000d\000s}{subsection.2.7}% 31
\BOOKMARK [3][-]{subsubsection.2.7.4}{\376\377\0002\000.\0007\000.\0004\000\040\000I\000m\000a\000g\000e\000-\000t\000o\000-\000I\000m\000a\000g\000e\000\040\000t\000r\000a\000n\000s\000l\000a\000t\000i\000o\000n}{subsection.2.7}% 32
\BOOKMARK [3][-]{subsubsection.2.7.5}{\376\377\0002\000.\0007\000.\0005\000\040\000D\000o\000m\000a\000i\000n\000\040\000r\000a\000n\000d\000o\000m\000i\000z\000a\000t\000i\000o\000n}{subsection.2.7}% 33
\BOOKMARK [3][-]{subsubsection.2.7.6}{\376\377\0002\000.\0007\000.\0006\000\040\000M\000e\000a\000n\000\040\000T\000e\000a\000c\000h\000e\000r\000\040\000a\000n\000d\000\040\000G\000r\000a\000p\000h\000\040\000R\000e\000a\000s\000o\000n\000i\000n\000g}{subsection.2.7}% 34
\BOOKMARK [2][-]{subsection.2.8}{\376\377\0002\000.\0008\000\040\000C\000o\000n\000t\000i\000n\000u\000a\000l\000\040\000l\000e\000a\000r\000n\000i\000n\000g}{section.2}% 35
\BOOKMARK [1][-]{appendix.A}{\376\377\000A\000\040\000A\000p\000p\000e\000n\000d\000i\000c\000e\000s}{}% 62
\BOOKMARK [2][-]{subsection.A.1}{\376\377\000A\000.\0001\000\040\000A\000r\000c\000h\000i\000t\000e\000c\000t\000u\000r\000e}{appendix.A}% 63
